<?xml version="1.0" encoding="UTF-8"?>
<testng-results total="1" passed="1" failed="0" skipped="0">
  <reporter-output>
  </reporter-output>
  <suite started-at="2021-02-24T01:02:16Z" name="Default suite" finished-at="2021-02-24T01:02:57Z" duration-ms="40794">
    <groups>
    </groups>
    <test started-at="2021-02-24T01:02:16Z" name="Default test" finished-at="2021-02-24T01:02:57Z" duration-ms="40794">
      <class name="Script1">
        <test-method signature="Script1()[pri:0, instance:Script1@5d534f5d]" started-at="2021-02-24T01:02:16Z" name="Script1" finished-at="2021-02-24T01:02:57Z" duration-ms="40776" status="PASS">
          <reporter-output>
          </reporter-output>
        </test-method> <!-- Script1 -->
      </class> <!-- Script1 -->
    </test> <!-- Default test -->
  </suite> <!-- Default suite -->
</testng-results>
